make.exe all -f /c/Users/akshi/Akshiti garg --print-data-base --no-builtin-variables --no-builtin-rules --question
make: /c/Users/akshi/Akshiti garg: No such file or directory

make: *** No rule to make target '/c/Users/akshi/Akshiti garg'.  Stop.

# GNU Make 4.3
# Built for Windows32
# Copyright (C) 1988-2020 Free Software Foundation, Inc.
# License GPLv3+: GNU GPL version 3 or later <http://gnu.org/licenses/gpl.html>
# This is free software: you are free to change and redistribute it.
# There is NO WARRANTY, to the extent permitted by law.

# Make data base, printed on Wed Aug 24 09:48:26 2022

# Variables

# environment
FPS_BROWSER_APP_PROFILE_STRING = Internet Explorer
# environment
SYSTEMDRIVE = C:
# environment
LC_ALL = C
# environment
VBOX_HWVIRTEX_IGNORE_SVM_IN_USE = 1
# environment
USERPROFILE = C:\Users\akshi
# environment
LOCALAPPDATA = C:\Users\akshi\AppData\Local
# environment
VSCODE_CWD = C:\Users\akshi\AppData\Local\Programs\Microsoft VS Code
# environment
SYSTEMROOT = C:\windows
# environment
PROCESSOR_LEVEL = 25
# environment
PSMODULEPATH = C:\Program Files\WindowsPowerShell\Modules;C:\windows\system32\WindowsPowerShell\v1.0\Modules
# default
MAKE_COMMAND := make.exe
# automatic
@D = $(patsubst %/,%,$(patsubst %\,%,$(dir $@)))
# environment
CHROME_CRASHPAD_PIPE_NAME = \\.\pipe\crashpad_33316_OAWXCSFGNJORGOTU
# environment
FPS_BROWSER_USER_PROFILE_STRING = Default
# environment
VSCODE_HANDLES_UNCAUGHT_ERRORS = true
# default
.VARIABLES := 
# automatic
%D = $(patsubst %/,%,$(patsubst %\,%,$(dir $%)))
# automatic
^D = $(patsubst %/,%,$(patsubst %\,%,$(dir $^)))
# automatic
%F = $(notdir $%)
# environment
VSCODE_CODE_CACHE_PATH = C:\Users\akshi\AppData\Roaming\Code\CachedData\e4503b30fc78200f846c62cf8091b76ff5547662
# environment
LANG = C
# default
.LOADED := 
# environment
TMP = C:\Users\akshi\AppData\Local\Temp
# default
.INCLUDE_DIRS = .
# makefile
MAKEFLAGS = prR
# environment
ONEDRIVE = C:\Users\akshi\OneDrive
# environment
INTELLIJ IDEA COMMUNITY EDITION = C:\Program Files\JetBrains\IntelliJ IDEA Community Edition 2021.3.3\bin;
# makefile
CURDIR := c:/Users/akshi/Akshiti garg
# environment
APPLICATION_INSIGHTS_NO_DIAGNOSTIC_CHANNEL = 1
# automatic
*D = $(patsubst %/,%,$(patsubst %\,%,$(dir $*)))
# environment
PROGRAMFILES = C:\Program Files
# environment
MFLAGS = -prR
# default
.SHELLFLAGS := -c
# environment
COMMONPROGRAMW6432 = C:\Program Files\Common Files
# automatic
+D = $(patsubst %/,%,$(patsubst %\,%,$(dir $+)))
# makefile
MAKEFILE_LIST := 
# automatic
@F = $(notdir $@)
# environment
VSCODE_PID = 33316
# automatic
?D = $(patsubst %/,%,$(patsubst %\,%,$(dir $?)))
# environment
ONLINESERVICES = Online Services
# automatic
*F = $(notdir $*)
# automatic
<D = $(patsubst %/,%,$(patsubst %\,%,$(dir $<)))
# environment
VSCODE_NLS_CONFIG = {"locale":"en-us","availableLanguages":{},"_languagePackSupport":true}
# environment
ONEDRIVECONSUMER = C:\Users\akshi\OneDrive
# default
MAKE_HOST := Windows32
# environment
PROGRAMDATA = C:\ProgramData
# default
SHELL := sh.exe
# environment
HOMEPATH = \Users\akshi
# default
MAKECMDGOALS := all
# environment
DRIVERDATA = C:\Windows\System32\Drivers\DriverData
# environment
COMSPEC = C:\windows\system32\cmd.exe
# environment
WINDIR = C:\windows
# environment
MAKELEVEL := 0
# default
MAKE = $(MAKE_COMMAND)
# environment
PATH = C:\Program Files\Common Files\Oracle\Java\javapath;C:\windows\system32;C:\windows;C:\windows\System32\Wbem;C:\windows\System32\WindowsPowerShell\v1.0\;C:\windows\System32\OpenSSH\;C:\Program Files (x86)\NVIDIA Corporation\PhysX\Common;C:\Program Files\NVIDIA Corporation\NVIDIA NvDLISR;C:\Program Files\dotnet\;C:\Program Files\MATLAB\R2022a\bin;C:\MinGW\bin;C:\Program Files\Java\jdk-18.0.2.1\bin;C:\MinGW\bin;C:\Program Files\Git\cmd;C:\Users\akshi\miniconda3;C:\Users\akshi\miniconda3\Library\mingw-w64\bin;C:\Users\akshi\miniconda3\Library\usr\bin;C:\Users\akshi\miniconda3\Library\bin;C:\Users\akshi\miniconda3\Scripts;C:\Users\akshi\AppData\Local\Microsoft\WindowsApps;C:\Users\akshiti\AppData\Local\Programs\Microsoft VS Code\bin;C:\MinGW\bin;C:\Users\akshi\AppData\Local\Programs\Microsoft VS Code\bin;C:\Program Files\JetBrains\IntelliJ IDEA Community Edition 2021.3.3\bin;
# environment
COMPUTERNAME = LAPTOP-NIBMK1B1
# default
MAKEFILES := 
# automatic
^F = $(notdir $^)
# environment
PROMPT = $P$G
# environment
LOGONSERVER = \\LAPTOP-NIBMK1B1
# environment
USERNAME = akshi
# environment
COMMONPROGRAMFILES = C:\Program Files\Common Files
# automatic
?F = $(notdir $?)
# environment
PROGRAMW6432 = C:\Program Files
# environment
PATHEXT = .COM;.EXE;.BAT;.CMD;.VBS;.VBE;.JS;.JSE;.WSF;.WSH;.MSC
# automatic
+F = $(notdir $+)
# environment
ORIGINAL_XDG_CURRENT_DESKTOP = undefined
# environment
USERDOMAIN = LAPTOP-NIBMK1B1
# 'override' directive
GNUMAKEFLAGS := 
# environment
OS = Windows_NT
# environment
AMDRMSDKPATH = C:\Program Files\AMD\RyzenMasterSDK\
# makefile
.DEFAULT_GOAL := 
# default
MAKE_VERSION := 4.3
# environment
PLATFORMCODE = KV
# environment
PROGRAMFILES(X86) = C:\Program Files (x86)
# environment
USERDOMAIN_ROAMINGPROFILE = LAPTOP-NIBMK1B1
# environment
NUMBER_OF_PROCESSORS = 16
# environment
PUBLIC = C:\Users\Public
# environment
APPDATA = C:\Users\akshi\AppData\Roaming
# environment
HOMEDRIVE = C:
# environment
PROCESSOR_ARCHITECTURE = AMD64
# environment
VSCODE_AMD_ENTRYPOINT = vs/workbench/api/node/extensionHostProcess
# environment
COMMONPROGRAMFILES(X86) = C:\Program Files (x86)\Common Files
# environment
ELECTRON_RUN_AS_NODE = 1
# environment
TEMP = C:\Users\akshi\AppData\Local\Temp
# environment
VSCODE_IPC_HOOK = \\.\pipe\95f86356ac0667e386d3f3a75cf879bc-1.70.2-main-sock
# default
.RECIPEPREFIX := 
# automatic
<F = $(notdir $<)
# default
SUFFIXES := 
# environment
ALLUSERSPROFILE = C:\ProgramData
# environment
SESSIONNAME = Console
# default
.FEATURES := target-specific order-only second-expansion else-if shortest-stem undefine oneshell nocomment grouped-target extra-prereqs archives jobserver output-sync load
# environment
REGIONCODE = APJ
# environment
PROCESSOR_REVISION = 5000
# environment
PROCESSOR_IDENTIFIER = AMD64 Family 25 Model 80 Stepping 0, AuthenticAMD
# variable set hash-table stats:
# Load=95/1024=9%, Rehash=0, Collisions=10/116=9%

# Pattern-specific Variable Values

# No pattern-specific variable values.

# Directories


# No files, no impossibilities in 0 directories.

# Implicit Rules

# No implicit rules.

# Files

# Not a target:
/c/Users/akshi/Akshiti garg:
#  Implicit rule search has been done.
#  File does not exist.
#  File has not been updated.

# Not a target:
.DEFAULT:
#  Implicit rule search has not been done.
#  Modification time never checked.
#  File has not been updated.

# Not a target:
all:
#  Command line target.
#  Implicit rule search has not been done.
#  Modification time never checked.
#  File has not been updated.

# files hash-table stats:
# Load=4/1024=0%, Rehash=0, Collisions=0/14=0%
# VPATH Search Paths

# No 'vpath' search paths.

# No general ('VPATH' variable) search path.

# strcache buffers: 1 (0) / strings = 5 / storage = 53 B / avg = 10 B
# current buf: size = 8162 B / used = 53 B / count = 5 / avg = 10 B

# strcache performance: lookups = 7 / hit rate = 28%
# hash-table stats:
# Load=5/8192=0%, Rehash=0, Collisions=0/7=0%
# Finished Make data base on Wed Aug 24 09:48:26 2022

 
